SF:lib/data/models/declaration_model_in.dart
DA:13,1
DA:20,1
DA:21,1
DA:22,2
LF:4
LH:4
end_of_record
SF:lib/data/models/declaration_model.dart
DA:12,1
DA:18,1
DA:19,1
DA:20,2
LF:4
LH:4
end_of_record
SF:lib/data/models/login_model.dart
DA:10,1
DA:15,1
DA:16,1
DA:17,2
DA:21,1
DA:22,1
DA:23,2
DA:24,2
DA:29,1
DA:32,1
DA:33,3
DA:34,3
LF:12
LH:12
end_of_record
SF:lib/data/models/team_mate_model.dart
DA:14,1
DA:23,1
DA:24,1
DA:26,2
LF:4
LH:4
end_of_record
SF:lib/data/models/user.dart
DA:16,1
DA:27,2
DA:28,2
LF:3
LH:3
end_of_record
SF:lib/data/repositories/declaration_respository.dart
DA:12,1
DA:17,1
DA:20,2
DA:21,2
DA:23,1
DA:25,1
DA:26,1
DA:28,1
DA:30,1
DA:31,2
DA:34,1
DA:35,1
DA:38,1
DA:40,3
DA:45,1
DA:48,2
DA:49,2
DA:51,1
DA:53,1
DA:54,1
DA:56,1
DA:58,1
DA:59,3
DA:61,1
DA:62,2
DA:64,1
DA:65,3
DA:68,1
DA:69,3
DA:72,1
DA:74,3
DA:79,1
DA:80,2
DA:86,1
DA:87,2
LF:35
LH:35
end_of_record
SF:lib/data/repositories/login_repository.dart
DA:14,1
DA:19,1
DA:22,1
DA:25,2
DA:27,2
DA:29,1
DA:31,2
DA:32,1
DA:33,1
DA:34,1
DA:38,1
DA:39,3
DA:41,1
DA:42,3
DA:45,2
DA:48,3
DA:55,1
DA:56,2
DA:57,2
DA:62,1
DA:63,2
DA:64,1
DA:65,1
DA:66,1
DA:67,1
DA:68,1
DA:74,1
DA:75,1
DA:80,1
DA:84,1
DA:85,2
DA:88,1
DA:89,2
LF:33
LH:33
end_of_record
SF:lib/data/repositories/team_mate_repository.dart
DA:12,1
DA:18,1
DA:20,2
DA:21,2
DA:24,1
DA:25,1
DA:27,2
DA:28,1
DA:29,1
DA:30,1
DA:31,1
DA:32,1
DA:33,1
DA:36,1
DA:37,1
DA:39,2
DA:42,3
DA:43,1
DA:50,1
DA:51,2
DA:52,1
DA:53,1
DA:55,1
DA:56,1
LF:24
LH:24
end_of_record
SF:lib/domain/entities/team_mate_entity.dart
DA:7,1
DA:16,1
DA:17,1
DA:18,2
DA:19,2
DA:20,2
DA:21,2
DA:26,1
DA:29,1
DA:30,3
DA:31,3
LF:11
LH:11
end_of_record
SF:lib/data/sources/local/shared_preference.dart
DA:7,1
DA:8,1
DA:10,1
DA:13,1
DA:14,1
DA:15,1
DA:19,1
DA:20,1
DA:21,1
DA:25,1
DA:26,1
DA:27,1
DA:30,1
DA:31,1
DA:32,1
LF:15
LH:15
end_of_record
SF:lib/presentation/state/notifiers/declaration_notifier.dart
DA:10,1
DA:11,1
DA:13,1
DA:14,3
DA:16,2
DA:21,1
DA:22,1
DA:23,1
DA:24,2
DA:28,2
LF:10
LH:10
end_of_record
SF:lib/domain/entities/declaration_status.dart
DA:4,1
LF:1
LH:1
end_of_record
SF:lib/domain/entities/logged_user.dart
DA:8,1
LF:1
LH:1
end_of_record
SF:lib/presentation/ui/shared/views/header.dart
DA:12,1
DA:20,0
DA:22,1
DA:24,1
DA:25,1
DA:31,1
DA:32,1
DA:33,1
DA:39,1
DA:41,1
DA:42,1
DA:43,1
DA:45,1
DA:46,1
DA:47,1
DA:48,1
DA:49,1
DA:54,1
DA:55,1
DA:56,1
DA:61,1
DA:63,2
DA:65,1
DA:67,1
DA:69,1
DA:70,1
DA:71,1
DA:86,0
DA:92,0
DA:94,0
DA:96,0
DA:97,0
LF:32
LH:26
end_of_record
SF:lib/presentation/styles/header_text_style.dart
DA:7,1
LF:1
LH:1
end_of_record
SF:lib/presentation/ui/shared/views/avatar_icon.dart
DA:5,1
DA:14,1
DA:16,1
DA:17,1
DA:18,1
DA:20,1
DA:21,1
DA:24,1
DA:25,1
LF:9
LH:9
end_of_record
SF:lib/presentation/ui/shared/views/circle_avatar_svg.dart
DA:8,1
DA:14,1
DA:16,1
DA:18,1
DA:19,2
LF:5
LH:5
end_of_record