TN:
SF:lib/data/models/declaration_model.dart
FNF:0
FNH:0
DA:12,1
DA:18,0
DA:19,0
DA:20,0
LF:4
LH:1
end_of_record
TN:
SF:lib/data/models/declaration_model_in.dart
FNF:0
FNH:0
DA:13,1
DA:20,1
DA:21,1
DA:22,0
LF:4
LH:3
end_of_record
TN:
SF:lib/data/repositories/declaration_respository.dart
FNF:0
FNH:0
DA:12,1
DA:17,1
DA:20,2
DA:21,2
DA:23,1
DA:25,1
DA:26,1
DA:28,1
DA:30,1
DA:31,2
DA:34,4
DA:36,1
DA:38,3
DA:43,1
DA:46,2
DA:47,2
DA:49,1
DA:51,1
DA:52,1
DA:55,1
DA:57,1
DA:58,3
DA:60,1
DA:61,2
DA:63,1
DA:64,3
DA:67,4
DA:69,1
DA:71,3
DA:76,1
DA:77,2
DA:83,1
DA:84,2
LF:33
LH:33
end_of_record
TN:
SF:lib/domain/entities/declaration_status.dart
FNF:0
FNH:0
DA:4,1
LF:1
LH:1
end_of_record
