{"C:\\Users\\rymmi\\OneDrive\\Bureau\\YAKI\\yaki_backend\\dist\\features\\captain\\captain.dtoOut.js": {"path":"C:\\Users\\rymmi\\OneDrive\\Bureau\\YAKI\\yaki_backend\\dist\\features\\captain\\captain.dtoOut.js","statementMap":{"0":{"start":{"line":2,"column":0},"end":{"line":2,"column":62}},"1":{"start":{"line":3,"column":0},"end":{"line":3,"column":31}},"2":{"start":{"line":6,"column":8},"end":{"line":6,"column":31}},"3":{"start":{"line":7,"column":8},"end":{"line":7,"column":36}},"4":{"start":{"line":8,"column":8},"end":{"line":8,"column":30}},"5":{"start":{"line":9,"column":8},"end":{"line":9,"column":34}},"6":{"start":{"line":10,"column":8},"end":{"line":10,"column":36}},"7":{"start":{"line":11,"column":8},"end":{"line":11,"column":27}},"8":{"start":{"line":14,"column":0},"end":{"line":14,"column":38}}},"fnMap":{"0":{"name":"(anonymous_0)","decl":{"start":{"line":5,"column":4},"end":{"line":5,"column":5}},"loc":{"start":{"line":5,"column":67},"end":{"line":12,"column":5}},"line":5}},"branchMap":{},"s":{"0":1,"1":1,"2":1,"3":1,"4":1,"5":1,"6":1,"7":1,"8":1},"f":{"0":1},"b":{},"_coverageSchema":"1a1c01bbd47fc00a2c39e90264f33305004495a9","hash":"5f3d20c9ef84fbe119db733c23a78431be6243cb"}
,"C:\\Users\\rymmi\\OneDrive\\Bureau\\YAKI\\yaki_backend\\dist\\features\\user\\authentication.service.js": {"path":"C:\\Users\\rymmi\\OneDrive\\Bureau\\YAKI\\yaki_backend\\dist\\features\\user\\authentication.service.js","statementMap":{"0":{"start":{"line":2,"column":16},"end":{"line":10,"column":1}},"1":{"start":{"line":3,"column":28},"end":{"line":3,"column":110}},"2":{"start":{"line":3,"column":91},"end":{"line":3,"column":106}},"3":{"start":{"line":4,"column":4},"end":{"line":9,"column":7}},"4":{"start":{"line":5,"column":36},"end":{"line":5,"column":97}},"5":{"start":{"line":5,"column":42},"end":{"line":5,"column":70}},"6":{"start":{"line":5,"column":85},"end":{"line":5,"column":95}},"7":{"start":{"line":6,"column":35},"end":{"line":6,"column":100}},"8":{"start":{"line":6,"column":41},"end":{"line":6,"column":73}},"9":{"start":{"line":6,"column":88},"end":{"line":6,"column":98}},"10":{"start":{"line":7,"column":32},"end":{"line":7,"column":116}},"11":{"start":{"line":8,"column":8},"end":{"line":8,"column":78}},"12":{"start":{"line":11,"column":0},"end":{"line":11,"column":62}},"13":{"start":{"line":12,"column":0},"end":{"line":12,"column":29}},"14":{"start":{"line":13,"column":10},"end":{"line":13,"column":33}},"15":{"start":{"line":22,"column":8},"end":{"line":27,"column":11}},"16":{"start":{"line":22,"column":62},"end":{"line":27,"column":10}},"17":{"start":{"line":23,"column":12},"end":{"line":25,"column":13}},"18":{"start":{"line":24,"column":16},"end":{"line":24,"column":28}},"19":{"start":{"line":26,"column":12},"end":{"line":26,"column":25}},"20":{"start":{"line":33,"column":8},"end":{"line":43,"column":11}},"21":{"start":{"line":33,"column":37},"end":{"line":43,"column":10}},"22":{"start":{"line":34,"column":12},"end":{"line":34,"column":50}},"23":{"start":{"line":35,"column":26},"end":{"line":40,"column":14}},"24":{"start":{"line":41,"column":12},"end":{"line":41,"column":31}},"25":{"start":{"line":42,"column":12},"end":{"line":42,"column":24}},"26":{"start":{"line":51,"column":8},"end":{"line":67,"column":11}},"27":{"start":{"line":51,"column":47},"end":{"line":67,"column":10}},"28":{"start":{"line":52,"column":26},"end":{"line":52,"column":55}},"29":{"start":{"line":53,"column":12},"end":{"line":55,"column":13}},"30":{"start":{"line":54,"column":16},"end":{"line":54,"column":88}},"31":{"start":{"line":56,"column":12},"end":{"line":65,"column":13}},"32":{"start":{"line":57,"column":32},"end":{"line":57,"column":75}},"33":{"start":{"line":58,"column":16},"end":{"line":60,"column":17}},"34":{"start":{"line":59,"column":20},"end":{"line":59,"column":38}},"35":{"start":{"line":61,"column":16},"end":{"line":61,"column":40}},"36":{"start":{"line":64,"column":16},"end":{"line":64,"column":61}},"37":{"start":{"line":66,"column":12},"end":{"line":66,"column":26}},"38":{"start":{"line":70,"column":0},"end":{"line":70,"column":51}}},"fnMap":{"0":{"name":"(anonymous_0)","decl":{"start":{"line":2,"column":44},"end":{"line":2,"column":45}},"loc":{"start":{"line":2,"column":89},"end":{"line":10,"column":1}},"line":2},"1":{"name":"adopt","decl":{"start":{"line":3,"column":13},"end":{"line":3,"column":18}},"loc":{"start":{"line":3,"column":26},"end":{"line":3,"column":112}},"line":3},"2":{"name":"(anonymous_2)","decl":{"start":{"line":3,"column":70},"end":{"line":3,"column":71}},"loc":{"start":{"line":3,"column":89},"end":{"line":3,"column":108}},"line":3},"3":{"name":"(anonymous_3)","decl":{"start":{"line":4,"column":36},"end":{"line":4,"column":37}},"loc":{"start":{"line":4,"column":63},"end":{"line":9,"column":5}},"line":4},"4":{"name":"fulfilled","decl":{"start":{"line":5,"column":17},"end":{"line":5,"column":26}},"loc":{"start":{"line":5,"column":34},"end":{"line":5,"column":99}},"line":5},"5":{"name":"rejected","decl":{"start":{"line":6,"column":17},"end":{"line":6,"column":25}},"loc":{"start":{"line":6,"column":33},"end":{"line":6,"column":102}},"line":6},"6":{"name":"step","decl":{"start":{"line":7,"column":17},"end":{"line":7,"column":21}},"loc":{"start":{"line":7,"column":30},"end":{"line":7,"column":118}},"line":7},"7":{"name":"(anonymous_7)","decl":{"start":{"line":15,"column":4},"end":{"line":15,"column":5}},"loc":{"start":{"line":15,"column":18},"end":{"line":68,"column":5}},"line":15},"8":{"name":"(anonymous_8)","decl":{"start":{"line":22,"column":30},"end":{"line":22,"column":31}},"loc":{"start":{"line":22,"column":62},"end":{"line":27,"column":10}},"line":22},"9":{"name":"(anonymous_9)","decl":{"start":{"line":22,"column":94},"end":{"line":22,"column":95}},"loc":{"start":{"line":22,"column":107},"end":{"line":27,"column":9}},"line":22},"10":{"name":"(anonymous_10)","decl":{"start":{"line":33,"column":27},"end":{"line":33,"column":28}},"loc":{"start":{"line":33,"column":37},"end":{"line":43,"column":10}},"line":33},"11":{"name":"(anonymous_11)","decl":{"start":{"line":33,"column":69},"end":{"line":33,"column":70}},"loc":{"start":{"line":33,"column":82},"end":{"line":43,"column":9}},"line":33},"12":{"name":"(anonymous_12)","decl":{"start":{"line":51,"column":27},"end":{"line":51,"column":28}},"loc":{"start":{"line":51,"column":47},"end":{"line":67,"column":10}},"line":51},"13":{"name":"(anonymous_13)","decl":{"start":{"line":51,"column":79},"end":{"line":51,"column":80}},"loc":{"start":{"line":51,"column":92},"end":{"line":67,"column":9}},"line":51}},"branchMap":{"0":{"loc":{"start":{"line":2,"column":16},"end":{"line":10,"column":1}},"type":"binary-expr","locations":[{"start":{"line":2,"column":17},"end":{"line":2,"column":21}},{"start":{"line":2,"column":25},"end":{"line":2,"column":39}},{"start":{"line":2,"column":44},"end":{"line":10,"column":1}}],"line":2},"1":{"loc":{"start":{"line":3,"column":35},"end":{"line":3,"column":109}},"type":"cond-expr","locations":[{"start":{"line":3,"column":56},"end":{"line":3,"column":61}},{"start":{"line":3,"column":64},"end":{"line":3,"column":109}}],"line":3},"2":{"loc":{"start":{"line":4,"column":16},"end":{"line":4,"column":34}},"type":"binary-expr","locations":[{"start":{"line":4,"column":16},"end":{"line":4,"column":17}},{"start":{"line":4,"column":22},"end":{"line":4,"column":33}}],"line":4},"3":{"loc":{"start":{"line":7,"column":32},"end":{"line":7,"column":115}},"type":"cond-expr","locations":[{"start":{"line":7,"column":46},"end":{"line":7,"column":67}},{"start":{"line":7,"column":70},"end":{"line":7,"column":115}}],"line":7},"4":{"loc":{"start":{"line":8,"column":51},"end":{"line":8,"column":67}},"type":"binary-expr","locations":[{"start":{"line":8,"column":51},"end":{"line":8,"column":61}},{"start":{"line":8,"column":65},"end":{"line":8,"column":67}}],"line":8},"5":{"loc":{"start":{"line":23,"column":12},"end":{"line":25,"column":13}},"type":"if","locations":[{"start":{"line":23,"column":12},"end":{"line":25,"column":13}},{"start":{},"end":{}}],"line":23},"6":{"loc":{"start":{"line":53,"column":12},"end":{"line":55,"column":13}},"type":"if","locations":[{"start":{"line":53,"column":12},"end":{"line":55,"column":13}},{"start":{},"end":{}}],"line":53},"7":{"loc":{"start":{"line":58,"column":16},"end":{"line":60,"column":17}},"type":"if","locations":[{"start":{"line":58,"column":16},"end":{"line":60,"column":17}},{"start":{},"end":{}}],"line":58}},"s":{"0":2,"1":0,"2":0,"3":8,"4":0,"5":0,"6":0,"7":0,"8":0,"9":0,"10":8,"11":8,"12":2,"13":2,"14":2,"15":2,"16":4,"17":4,"18":2,"19":2,"20":2,"21":1,"22":1,"23":1,"24":1,"25":1,"26":2,"27":3,"28":3,"29":3,"30":1,"31":2,"32":2,"33":1,"34":0,"35":1,"36":1,"37":1,"38":2},"f":{"0":8,"1":0,"2":0,"3":8,"4":0,"5":0,"6":8,"7":2,"8":4,"9":4,"10":1,"11":1,"12":3,"13":3},"b":{"0":[2,0,2],"1":[0,0],"2":[8,8],"3":[8,0],"4":[8,8],"5":[2,2],"6":[1,2],"7":[0,1]},"_coverageSchema":"1a1c01bbd47fc00a2c39e90264f33305004495a9","hash":"18bcc304360f18b9071f664b18b96db99c997e10"}
,"C:\\Users\\rymmi\\OneDrive\\Bureau\\YAKI\\yaki_backend\\src\\features\\captain\\captain.dtoOut.ts": {"path":"C:\\Users\\rymmi\\OneDrive\\Bureau\\YAKI\\yaki_backend\\src\\features\\captain\\captain.dtoOut.ts","statementMap":{"0":{"start":{"line":7,"column":32},"end":{"line":7,"column":41}},"1":{"start":{"line":16,"column":8},"end":{"line":16,"column":36}},"2":{"start":{"line":17,"column":8},"end":{"line":17,"column":30}},"3":{"start":{"line":18,"column":8},"end":{"line":18,"column":34}},"4":{"start":{"line":19,"column":8},"end":{"line":19,"column":36}},"5":{"start":{"line":20,"column":8},"end":{"line":20,"column":27}}},"fnMap":{"0":{"name":"(anonymous_0)","decl":{"start":{"line":9,"column":4},"end":{"line":9,"column":5}},"loc":{"start":{"line":15,"column":6},"end":{"line":21,"column":5}},"line":15}},"branchMap":{},"s":{"0":1,"1":1,"2":1,"3":1,"4":1,"5":1},"f":{"0":1},"b":{},"_coverageSchema":"1a1c01bbd47fc00a2c39e90264f33305004495a9","hash":"3b9e6dd5d5c18e071bde4b9f53f6d1174dc275f6"}
,"C:\\Users\\rymmi\\OneDrive\\Bureau\\YAKI\\yaki_backend\\src\\features\\user\\authentication.service.ts": {"path":"C:\\Users\\rymmi\\OneDrive\\Bureau\\YAKI\\yaki_backend\\src\\features\\user\\authentication.service.ts","statementMap":{"0":{"start":{"line":5,"column":10},"end":{"line":5,"column":33}},"1":{"start":{"line":14,"column":19},"end":{"line":19,"column":3}},"2":{"start":{"line":15,"column":4},"end":{"line":17,"column":5}},"3":{"start":{"line":16,"column":6},"end":{"line":16,"column":18}},"4":{"start":{"line":18,"column":4},"end":{"line":18,"column":17}},"5":{"start":{"line":26,"column":16},"end":{"line":41,"column":3}},"6":{"start":{"line":27,"column":4},"end":{"line":27,"column":43}},"7":{"start":{"line":29,"column":18},"end":{"line":38,"column":5}},"8":{"start":{"line":39,"column":4},"end":{"line":39,"column":23}},"9":{"start":{"line":40,"column":4},"end":{"line":40,"column":16}},"10":{"start":{"line":50,"column":16},"end":{"line":66,"column":3}},"11":{"start":{"line":51,"column":18},"end":{"line":51,"column":47}},"12":{"start":{"line":53,"column":4},"end":{"line":55,"column":5}},"13":{"start":{"line":54,"column":6},"end":{"line":54,"column":78}},"14":{"start":{"line":56,"column":4},"end":{"line":64,"column":5}},"15":{"start":{"line":57,"column":22},"end":{"line":57,"column":65}},"16":{"start":{"line":58,"column":6},"end":{"line":60,"column":7}},"17":{"start":{"line":59,"column":8},"end":{"line":59,"column":25}},"18":{"start":{"line":61,"column":6},"end":{"line":61,"column":30}},"19":{"start":{"line":63,"column":6},"end":{"line":63,"column":51}},"20":{"start":{"line":65,"column":4},"end":{"line":65,"column":18}},"21":{"start":{"line":69,"column":27},"end":{"line":69,"column":55}}},"fnMap":{"0":{"name":"(anonymous_0)","decl":{"start":{"line":14,"column":19},"end":{"line":14,"column":20}},"loc":{"start":{"line":14,"column":73},"end":{"line":19,"column":3}},"line":14},"1":{"name":"(anonymous_1)","decl":{"start":{"line":26,"column":16},"end":{"line":26,"column":17}},"loc":{"start":{"line":26,"column":64},"end":{"line":41,"column":3}},"line":26},"2":{"name":"(anonymous_2)","decl":{"start":{"line":50,"column":16},"end":{"line":50,"column":17}},"loc":{"start":{"line":50,"column":75},"end":{"line":66,"column":3}},"line":50}},"branchMap":{"0":{"loc":{"start":{"line":15,"column":4},"end":{"line":17,"column":5}},"type":"if","locations":[{"start":{"line":15,"column":4},"end":{"line":17,"column":5}},{"start":{},"end":{}}],"line":15},"1":{"loc":{"start":{"line":53,"column":4},"end":{"line":55,"column":5}},"type":"if","locations":[{"start":{"line":53,"column":4},"end":{"line":55,"column":5}},{"start":{},"end":{}}],"line":53},"2":{"loc":{"start":{"line":58,"column":6},"end":{"line":60,"column":7}},"type":"if","locations":[{"start":{"line":58,"column":6},"end":{"line":60,"column":7}},{"start":{},"end":{}}],"line":58}},"s":{"0":1,"1":1,"2":2,"3":1,"4":1,"5":1,"6":1,"7":1,"8":1,"9":1,"10":1,"11":3,"12":3,"13":1,"14":2,"15":2,"16":1,"17":0,"18":1,"19":1,"20":1,"21":1},"f":{"0":2,"1":1,"2":3},"b":{"0":[1,1],"1":[1,2],"2":[0,1]},"_coverageSchema":"1a1c01bbd47fc00a2c39e90264f33305004495a9","hash":"6d877ab795b0c7846c96bd8eecf8fdeff78845af"}
}
