{"C:\\Users\\rymmi\\OneDrive\\Bureau\\YAKI\\yaki_backend\\dist\\features\\user\\authentication.service.js": {"path":"C:\\Users\\rymmi\\OneDrive\\Bureau\\YAKI\\yaki_backend\\dist\\features\\user\\authentication.service.js","statementMap":{"0":{"start":{"line":2,"column":16},"end":{"line":10,"column":1}},"1":{"start":{"line":3,"column":28},"end":{"line":3,"column":110}},"2":{"start":{"line":3,"column":91},"end":{"line":3,"column":106}},"3":{"start":{"line":4,"column":4},"end":{"line":9,"column":7}},"4":{"start":{"line":5,"column":36},"end":{"line":5,"column":97}},"5":{"start":{"line":5,"column":42},"end":{"line":5,"column":70}},"6":{"start":{"line":5,"column":85},"end":{"line":5,"column":95}},"7":{"start":{"line":6,"column":35},"end":{"line":6,"column":100}},"8":{"start":{"line":6,"column":41},"end":{"line":6,"column":73}},"9":{"start":{"line":6,"column":88},"end":{"line":6,"column":98}},"10":{"start":{"line":7,"column":32},"end":{"line":7,"column":116}},"11":{"start":{"line":8,"column":8},"end":{"line":8,"column":78}},"12":{"start":{"line":11,"column":0},"end":{"line":11,"column":62}},"13":{"start":{"line":12,"column":0},"end":{"line":12,"column":29}},"14":{"start":{"line":13,"column":10},"end":{"line":13,"column":33}},"15":{"start":{"line":22,"column":8},"end":{"line":27,"column":11}},"16":{"start":{"line":22,"column":62},"end":{"line":27,"column":10}},"17":{"start":{"line":23,"column":12},"end":{"line":25,"column":13}},"18":{"start":{"line":24,"column":16},"end":{"line":24,"column":28}},"19":{"start":{"line":26,"column":12},"end":{"line":26,"column":25}},"20":{"start":{"line":33,"column":8},"end":{"line":42,"column":11}},"21":{"start":{"line":33,"column":37},"end":{"line":42,"column":10}},"22":{"start":{"line":34,"column":26},"end":{"line":39,"column":14}},"23":{"start":{"line":40,"column":12},"end":{"line":40,"column":31}},"24":{"start":{"line":41,"column":12},"end":{"line":41,"column":24}},"25":{"start":{"line":50,"column":8},"end":{"line":66,"column":11}},"26":{"start":{"line":50,"column":47},"end":{"line":66,"column":10}},"27":{"start":{"line":51,"column":26},"end":{"line":51,"column":55}},"28":{"start":{"line":52,"column":12},"end":{"line":54,"column":13}},"29":{"start":{"line":53,"column":16},"end":{"line":53,"column":88}},"30":{"start":{"line":55,"column":12},"end":{"line":64,"column":13}},"31":{"start":{"line":56,"column":32},"end":{"line":56,"column":75}},"32":{"start":{"line":57,"column":16},"end":{"line":59,"column":17}},"33":{"start":{"line":58,"column":20},"end":{"line":58,"column":38}},"34":{"start":{"line":60,"column":16},"end":{"line":60,"column":40}},"35":{"start":{"line":63,"column":16},"end":{"line":63,"column":61}},"36":{"start":{"line":65,"column":12},"end":{"line":65,"column":26}},"37":{"start":{"line":69,"column":0},"end":{"line":69,"column":51}}},"fnMap":{"0":{"name":"(anonymous_0)","decl":{"start":{"line":2,"column":44},"end":{"line":2,"column":45}},"loc":{"start":{"line":2,"column":89},"end":{"line":10,"column":1}},"line":2},"1":{"name":"adopt","decl":{"start":{"line":3,"column":13},"end":{"line":3,"column":18}},"loc":{"start":{"line":3,"column":26},"end":{"line":3,"column":112}},"line":3},"2":{"name":"(anonymous_2)","decl":{"start":{"line":3,"column":70},"end":{"line":3,"column":71}},"loc":{"start":{"line":3,"column":89},"end":{"line":3,"column":108}},"line":3},"3":{"name":"(anonymous_3)","decl":{"start":{"line":4,"column":36},"end":{"line":4,"column":37}},"loc":{"start":{"line":4,"column":63},"end":{"line":9,"column":5}},"line":4},"4":{"name":"fulfilled","decl":{"start":{"line":5,"column":17},"end":{"line":5,"column":26}},"loc":{"start":{"line":5,"column":34},"end":{"line":5,"column":99}},"line":5},"5":{"name":"rejected","decl":{"start":{"line":6,"column":17},"end":{"line":6,"column":25}},"loc":{"start":{"line":6,"column":33},"end":{"line":6,"column":102}},"line":6},"6":{"name":"step","decl":{"start":{"line":7,"column":17},"end":{"line":7,"column":21}},"loc":{"start":{"line":7,"column":30},"end":{"line":7,"column":118}},"line":7},"7":{"name":"(anonymous_7)","decl":{"start":{"line":15,"column":4},"end":{"line":15,"column":5}},"loc":{"start":{"line":15,"column":18},"end":{"line":67,"column":5}},"line":15},"8":{"name":"(anonymous_8)","decl":{"start":{"line":22,"column":30},"end":{"line":22,"column":31}},"loc":{"start":{"line":22,"column":62},"end":{"line":27,"column":10}},"line":22},"9":{"name":"(anonymous_9)","decl":{"start":{"line":22,"column":94},"end":{"line":22,"column":95}},"loc":{"start":{"line":22,"column":107},"end":{"line":27,"column":9}},"line":22},"10":{"name":"(anonymous_10)","decl":{"start":{"line":33,"column":27},"end":{"line":33,"column":28}},"loc":{"start":{"line":33,"column":37},"end":{"line":42,"column":10}},"line":33},"11":{"name":"(anonymous_11)","decl":{"start":{"line":33,"column":69},"end":{"line":33,"column":70}},"loc":{"start":{"line":33,"column":82},"end":{"line":42,"column":9}},"line":33},"12":{"name":"(anonymous_12)","decl":{"start":{"line":50,"column":27},"end":{"line":50,"column":28}},"loc":{"start":{"line":50,"column":47},"end":{"line":66,"column":10}},"line":50},"13":{"name":"(anonymous_13)","decl":{"start":{"line":50,"column":79},"end":{"line":50,"column":80}},"loc":{"start":{"line":50,"column":92},"end":{"line":66,"column":9}},"line":50}},"branchMap":{"0":{"loc":{"start":{"line":2,"column":16},"end":{"line":10,"column":1}},"type":"binary-expr","locations":[{"start":{"line":2,"column":17},"end":{"line":2,"column":21}},{"start":{"line":2,"column":25},"end":{"line":2,"column":39}},{"start":{"line":2,"column":44},"end":{"line":10,"column":1}}],"line":2},"1":{"loc":{"start":{"line":3,"column":35},"end":{"line":3,"column":109}},"type":"cond-expr","locations":[{"start":{"line":3,"column":56},"end":{"line":3,"column":61}},{"start":{"line":3,"column":64},"end":{"line":3,"column":109}}],"line":3},"2":{"loc":{"start":{"line":4,"column":16},"end":{"line":4,"column":34}},"type":"binary-expr","locations":[{"start":{"line":4,"column":16},"end":{"line":4,"column":17}},{"start":{"line":4,"column":22},"end":{"line":4,"column":33}}],"line":4},"3":{"loc":{"start":{"line":7,"column":32},"end":{"line":7,"column":115}},"type":"cond-expr","locations":[{"start":{"line":7,"column":46},"end":{"line":7,"column":67}},{"start":{"line":7,"column":70},"end":{"line":7,"column":115}}],"line":7},"4":{"loc":{"start":{"line":8,"column":51},"end":{"line":8,"column":67}},"type":"binary-expr","locations":[{"start":{"line":8,"column":51},"end":{"line":8,"column":61}},{"start":{"line":8,"column":65},"end":{"line":8,"column":67}}],"line":8},"5":{"loc":{"start":{"line":23,"column":12},"end":{"line":25,"column":13}},"type":"if","locations":[{"start":{"line":23,"column":12},"end":{"line":25,"column":13}},{"start":{},"end":{}}],"line":23},"6":{"loc":{"start":{"line":52,"column":12},"end":{"line":54,"column":13}},"type":"if","locations":[{"start":{"line":52,"column":12},"end":{"line":54,"column":13}},{"start":{},"end":{}}],"line":52},"7":{"loc":{"start":{"line":57,"column":16},"end":{"line":59,"column":17}},"type":"if","locations":[{"start":{"line":57,"column":16},"end":{"line":59,"column":17}},{"start":{},"end":{}}],"line":57}},"s":{"0":1,"1":0,"2":0,"3":3,"4":0,"5":0,"6":0,"7":0,"8":0,"9":0,"10":2,"11":3,"12":1,"13":1,"14":1,"15":1,"16":2,"17":2,"18":1,"19":1,"20":1,"21":1,"22":1,"23":0,"24":0,"25":1,"26":0,"27":0,"28":0,"29":0,"30":0,"31":0,"32":0,"33":0,"34":0,"35":0,"36":0,"37":1},"f":{"0":3,"1":0,"2":0,"3":3,"4":0,"5":0,"6":2,"7":1,"8":2,"9":2,"10":1,"11":1,"12":0,"13":0},"b":{"0":[1,0,1],"1":[0,0],"2":[3,3],"3":[2,0],"4":[3,3],"5":[1,1],"6":[0,0],"7":[0,0]},"_coverageSchema":"1a1c01bbd47fc00a2c39e90264f33305004495a9","hash":"85684a97026aadee72e2e8be0bd5d1249ab4c415"}
,"C:\\Users\\rymmi\\OneDrive\\Bureau\\YAKI\\yaki_backend\\src\\features\\user\\authentication.service.ts": {"path":"C:\\Users\\rymmi\\OneDrive\\Bureau\\YAKI\\yaki_backend\\src\\features\\user\\authentication.service.ts","statementMap":{"0":{"start":{"line":5,"column":10},"end":{"line":5,"column":33}},"1":{"start":{"line":14,"column":19},"end":{"line":19,"column":3}},"2":{"start":{"line":15,"column":4},"end":{"line":17,"column":5}},"3":{"start":{"line":16,"column":6},"end":{"line":16,"column":18}},"4":{"start":{"line":18,"column":4},"end":{"line":18,"column":17}},"5":{"start":{"line":26,"column":16},"end":{"line":39,"column":3}},"6":{"start":{"line":27,"column":18},"end":{"line":36,"column":5}},"7":{"start":{"line":37,"column":4},"end":{"line":37,"column":23}},"8":{"start":{"line":38,"column":4},"end":{"line":38,"column":16}},"9":{"start":{"line":48,"column":16},"end":{"line":64,"column":3}},"10":{"start":{"line":49,"column":18},"end":{"line":49,"column":47}},"11":{"start":{"line":51,"column":4},"end":{"line":53,"column":5}},"12":{"start":{"line":52,"column":6},"end":{"line":52,"column":78}},"13":{"start":{"line":54,"column":4},"end":{"line":62,"column":5}},"14":{"start":{"line":55,"column":22},"end":{"line":55,"column":65}},"15":{"start":{"line":56,"column":6},"end":{"line":58,"column":7}},"16":{"start":{"line":57,"column":8},"end":{"line":57,"column":25}},"17":{"start":{"line":59,"column":6},"end":{"line":59,"column":30}},"18":{"start":{"line":61,"column":6},"end":{"line":61,"column":51}},"19":{"start":{"line":63,"column":4},"end":{"line":63,"column":18}},"20":{"start":{"line":67,"column":27},"end":{"line":67,"column":55}}},"fnMap":{"0":{"name":"(anonymous_0)","decl":{"start":{"line":14,"column":19},"end":{"line":14,"column":20}},"loc":{"start":{"line":14,"column":73},"end":{"line":19,"column":3}},"line":14},"1":{"name":"(anonymous_1)","decl":{"start":{"line":26,"column":16},"end":{"line":26,"column":17}},"loc":{"start":{"line":26,"column":64},"end":{"line":39,"column":3}},"line":26},"2":{"name":"(anonymous_2)","decl":{"start":{"line":48,"column":16},"end":{"line":48,"column":17}},"loc":{"start":{"line":48,"column":75},"end":{"line":64,"column":3}},"line":48}},"branchMap":{"0":{"loc":{"start":{"line":15,"column":4},"end":{"line":17,"column":5}},"type":"if","locations":[{"start":{"line":15,"column":4},"end":{"line":17,"column":5}},{"start":{},"end":{}}],"line":15},"1":{"loc":{"start":{"line":51,"column":4},"end":{"line":53,"column":5}},"type":"if","locations":[{"start":{"line":51,"column":4},"end":{"line":53,"column":5}},{"start":{},"end":{}}],"line":51},"2":{"loc":{"start":{"line":56,"column":6},"end":{"line":58,"column":7}},"type":"if","locations":[{"start":{"line":56,"column":6},"end":{"line":58,"column":7}},{"start":{},"end":{}}],"line":56}},"s":{"0":1,"1":1,"2":2,"3":1,"4":1,"5":1,"6":1,"7":0,"8":0,"9":1,"10":0,"11":0,"12":0,"13":0,"14":0,"15":0,"16":0,"17":0,"18":0,"19":0,"20":1},"f":{"0":2,"1":1,"2":0},"b":{"0":[1,1],"1":[0,0],"2":[0,0]},"_coverageSchema":"1a1c01bbd47fc00a2c39e90264f33305004495a9","hash":"ea8f8cbaa15af6eec08e18d55b2c07740140dcf9"}
}
