TN:
SF:dist\features\captain\captain.dtoOut.js
FN:5,(anonymous_0)
FNF:1
FNH:1
FNDA:1,(anonymous_0)
DA:2,1
DA:3,1
DA:6,1
DA:7,1
DA:8,1
DA:9,1
DA:10,1
DA:11,1
DA:14,1
LF:9
LH:9
BRF:0
BRH:0
end_of_record
TN:
SF:dist\features\user\authentication.service.js
FN:2,(anonymous_0)
FN:3,adopt
FN:3,(anonymous_2)
FN:4,(anonymous_3)
FN:5,fulfilled
FN:6,rejected
FN:7,step
FN:15,(anonymous_7)
FN:22,(anonymous_8)
FN:22,(anonymous_9)
FN:33,(anonymous_10)
FN:33,(anonymous_11)
FN:51,(anonymous_12)
FN:51,(anonymous_13)
FNF:14
FNH:10
FNDA:8,(anonymous_0)
FNDA:0,adopt
FNDA:0,(anonymous_2)
FNDA:8,(anonymous_3)
FNDA:0,fulfilled
FNDA:0,rejected
FNDA:8,step
FNDA:2,(anonymous_7)
FNDA:4,(anonymous_8)
FNDA:4,(anonymous_9)
FNDA:1,(anonymous_10)
FNDA:1,(anonymous_11)
FNDA:3,(anonymous_12)
FNDA:3,(anonymous_13)
DA:2,2
DA:3,0
DA:4,8
DA:5,0
DA:6,0
DA:7,8
DA:8,8
DA:11,2
DA:12,2
DA:13,2
DA:22,4
DA:23,4
DA:24,2
DA:26,2
DA:33,2
DA:34,1
DA:35,1
DA:41,1
DA:42,1
DA:51,3
DA:52,3
DA:53,3
DA:54,1
DA:56,2
DA:57,2
DA:58,1
DA:59,0
DA:61,1
DA:64,1
DA:66,1
DA:70,2
LF:31
LH:27
BRDA:2,0,0,2
BRDA:2,0,1,0
BRDA:2,0,2,2
BRDA:3,1,0,0
BRDA:3,1,1,0
BRDA:4,2,0,8
BRDA:4,2,1,8
BRDA:7,3,0,8
BRDA:7,3,1,0
BRDA:8,4,0,8
BRDA:8,4,1,8
BRDA:23,5,0,2
BRDA:23,5,1,2
BRDA:53,6,0,1
BRDA:53,6,1,2
BRDA:58,7,0,0
BRDA:58,7,1,1
BRF:17
BRH:12
end_of_record
TN:
SF:src\features\captain\captain.dtoOut.ts
FN:9,(anonymous_0)
FNF:1
FNH:1
FNDA:1,(anonymous_0)
DA:7,1
DA:16,1
DA:17,1
DA:18,1
DA:19,1
DA:20,1
LF:6
LH:6
BRF:0
BRH:0
end_of_record
TN:
SF:src\features\user\authentication.service.ts
FN:14,(anonymous_0)
FN:26,(anonymous_1)
FN:50,(anonymous_2)
FNF:3
FNH:3
FNDA:2,(anonymous_0)
FNDA:1,(anonymous_1)
FNDA:3,(anonymous_2)
DA:5,1
DA:14,1
DA:15,2
DA:16,1
DA:18,1
DA:26,1
DA:27,1
DA:29,1
DA:39,1
DA:40,1
DA:50,1
DA:51,3
DA:53,3
DA:54,1
DA:56,2
DA:57,2
DA:58,1
DA:59,0
DA:61,1
DA:63,1
DA:65,1
DA:69,1
LF:22
LH:21
BRDA:15,0,0,1
BRDA:15,0,1,1
BRDA:53,1,0,1
BRDA:53,1,1,2
BRDA:58,2,0,0
BRDA:58,2,1,1
BRF:6
BRH:5
end_of_record
