TN:
SF:dist\features\user\authentication.service.js
FN:2,(anonymous_0)
FN:3,adopt
FN:3,(anonymous_2)
FN:4,(anonymous_3)
FN:5,fulfilled
FN:6,rejected
FN:7,step
FN:15,(anonymous_7)
FN:22,(anonymous_8)
FN:22,(anonymous_9)
FN:33,(anonymous_10)
FN:33,(anonymous_11)
FN:50,(anonymous_12)
FN:50,(anonymous_13)
FNF:14
FNH:8
FNDA:3,(anonymous_0)
FNDA:0,adopt
FNDA:0,(anonymous_2)
FNDA:3,(anonymous_3)
FNDA:0,fulfilled
FNDA:0,rejected
FNDA:2,step
FNDA:1,(anonymous_7)
FNDA:2,(anonymous_8)
FNDA:2,(anonymous_9)
FNDA:1,(anonymous_10)
FNDA:1,(anonymous_11)
FNDA:0,(anonymous_12)
FNDA:0,(anonymous_13)
DA:2,1
DA:3,0
DA:4,3
DA:5,0
DA:6,0
DA:7,2
DA:8,3
DA:11,1
DA:12,1
DA:13,1
DA:22,2
DA:23,2
DA:24,1
DA:26,1
DA:33,1
DA:34,1
DA:40,0
DA:41,0
DA:50,1
DA:51,0
DA:52,0
DA:53,0
DA:55,0
DA:56,0
DA:57,0
DA:58,0
DA:60,0
DA:63,0
DA:65,0
DA:69,1
LF:30
LH:15
BRDA:2,0,0,1
BRDA:2,0,1,0
BRDA:2,0,2,1
BRDA:3,1,0,0
BRDA:3,1,1,0
BRDA:4,2,0,3
BRDA:4,2,1,3
BRDA:7,3,0,2
BRDA:7,3,1,0
BRDA:8,4,0,3
BRDA:8,4,1,3
BRDA:23,5,0,1
BRDA:23,5,1,1
BRDA:52,6,0,0
BRDA:52,6,1,0
BRDA:57,7,0,0
BRDA:57,7,1,0
BRF:17
BRH:9
end_of_record
TN:
SF:src\features\user\authentication.service.ts
FN:14,(anonymous_0)
FN:26,(anonymous_1)
FN:48,(anonymous_2)
FNF:3
FNH:2
FNDA:2,(anonymous_0)
FNDA:1,(anonymous_1)
FNDA:0,(anonymous_2)
DA:5,1
DA:14,1
DA:15,2
DA:16,1
DA:18,1
DA:26,1
DA:27,1
DA:37,0
DA:38,0
DA:48,1
DA:49,0
DA:51,0
DA:52,0
DA:54,0
DA:55,0
DA:56,0
DA:57,0
DA:59,0
DA:61,0
DA:63,0
DA:67,1
LF:21
LH:9
BRDA:15,0,0,1
BRDA:15,0,1,1
BRDA:51,1,0,0
BRDA:51,1,1,0
BRDA:56,2,0,0
BRDA:56,2,1,0
BRF:6
BRH:2
end_of_record
